2026-01-01 00:34:40,327 [INFO] Activator:176 - 


2026-01-01 00:34:40,331 [INFO] Activator:177 - !SESSION log4j initialized
2026-01-01 00:34:44,892 [INFO] LogOutputStream:77 - [STDOUT_REDIRECT] 
2026-01-01 00:34:46,403 [INFO] ApplicationProperties:184 - Using Application install path: D:\stm\STM32CubeIDE_1.19.0\STM32CubeIDE\plugins\com.st.stm32cube.common.mx_6.15.0.202507011659
2026-01-01 00:34:46,419 [INFO] DbMcusXml:78 - Set database path to: D:\stm\STM32CubeIDE_1.19.0\STM32CubeIDE\plugins\com.st.stm32cube.common.mx_6.15.0.202507011659\\db\/mcu/
2026-01-01 00:34:46,420 [INFO] ApiDb:274 - Set plugin database path to: D:\stm\STM32CubeIDE_1.19.0\STM32CubeIDE\plugins\com.st.stm32cube.common.mx_6.15.0.202507011659\\db\/plugins/boardmanager/
2026-01-01 00:34:46,420 [WARN] ApiDb:259 - Overriding images path with different value:  => D:\stm\STM32CubeIDE_1.19.0\STM32CubeIDE\plugins\com.st.stm32cube.common.mx_6.15.0.202507011659\\db\/plugins/mcufinder/images/
2026-01-01 00:34:46,426 [INFO] ApiDb:250 - Set database path to: C:\Users\pjanh\.stmcufinder\plugins\mcufinder//mcu/
2026-01-01 00:34:46,427 [INFO] DbMcusAds:125 - Set database path to: C:\Users\pjanh\.stmcufinder\plugins\mcufinder//mcu/
2026-01-01 00:34:46,429 [INFO] CrossReferenceDbSqlite:203 - Set database path to: C:\Users\pjanh\.stmcufinder\plugins\mcufinder//mcu/cs/
2026-01-01 00:34:46,533 [INFO] RulesReader:64 - Compatibility file has been processed (317 Rules)
2026-01-01 00:34:46,588 [INFO] DbMcusXml:78 - Set database path to: D:\stm\STM32CubeIDE_1.19.0\STM32CubeIDE\plugins\com.st.stm32cube.common.mx_6.15.0.202507011659\\db\/mcu/
2026-01-01 00:34:46,589 [INFO] ApiDb:274 - Set plugin database path to: D:\stm\STM32CubeIDE_1.19.0\STM32CubeIDE\plugins\com.st.stm32cube.common.mx_6.15.0.202507011659\\db\/plugins/boardmanager/
2026-01-01 00:34:46,589 [INFO] ApiDb:261 - Set plugin images path to: D:\stm\STM32CubeIDE_1.19.0\STM32CubeIDE\plugins\com.st.stm32cube.common.mx_6.15.0.202507011659\\db\/plugins/mcufinder/images/
2026-01-01 00:34:46,589 [WARN] DbFile:41 - Overriding database path with different value: C:\Users\pjanh\.stmcufinder\plugins\mcufinder/ => C:\Users\pjanh\.stmcufinder\plugins\mcufinder
2026-01-01 00:34:46,589 [INFO] ApiDb:250 - Set database path to: C:\Users\pjanh\.stmcufinder\plugins\mcufinder//mcu/
2026-01-01 00:34:46,589 [WARN] DbFile:41 - Overriding database path with different value: C:\Users\pjanh\.stmcufinder\plugins\mcufinder/ => C:\Users\pjanh\.stmcufinder\plugins\mcufinder
2026-01-01 00:34:46,589 [INFO] DbMcusAds:125 - Set database path to: C:\Users\pjanh\.stmcufinder\plugins\mcufinder//mcu/
2026-01-01 00:34:46,589 [WARN] DbFile:41 - Overriding database path with different value: C:\Users\pjanh\.stmcufinder\plugins\mcufinder/ => C:\Users\pjanh\.stmcufinder\plugins\mcufinder
2026-01-01 00:34:46,589 [WARN] DbFile:41 - Overriding database path with different value: C:\Users\pjanh\.stmcufinder\plugins\mcufinder/ => C:\Users\pjanh\.stmcufinder\plugins\mcufinder
2026-01-01 00:34:46,590 [INFO] CrossReferenceDbSqlite:203 - Set database path to: C:\Users\pjanh\.stmcufinder\plugins\mcufinder//mcu/cs/
2026-01-01 00:34:46,653 [INFO] MainPanel:274 - HeapMemory: 268435456
2026-01-01 00:34:46,743 [INFO] DbMcusXml:78 - Set database path to: D:\stm\STM32CubeIDE_1.19.0\STM32CubeIDE\plugins\com.st.stm32cube.common.mx_6.15.0.202507011659\\db\/mcu/
2026-01-01 00:34:46,744 [INFO] ApiDb:274 - Set plugin database path to: D:\stm\STM32CubeIDE_1.19.0\STM32CubeIDE\plugins\com.st.stm32cube.common.mx_6.15.0.202507011659\\db\/plugins/boardmanager/
2026-01-01 00:34:46,744 [INFO] ApiDb:261 - Set plugin images path to: D:\stm\STM32CubeIDE_1.19.0\STM32CubeIDE\plugins\com.st.stm32cube.common.mx_6.15.0.202507011659\\db\/plugins/mcufinder/images/
2026-01-01 00:34:46,744 [WARN] DbFile:41 - Overriding database path with different value: C:\Users\pjanh\.stmcufinder\plugins\mcufinder/ => C:\Users\pjanh\.stmcufinder\plugins\mcufinder
2026-01-01 00:34:46,744 [INFO] ApiDb:250 - Set database path to: C:\Users\pjanh\.stmcufinder\plugins\mcufinder//mcu/
2026-01-01 00:34:46,744 [WARN] DbFile:41 - Overriding database path with different value: C:\Users\pjanh\.stmcufinder\plugins\mcufinder/ => C:\Users\pjanh\.stmcufinder\plugins\mcufinder
2026-01-01 00:34:46,744 [INFO] DbMcusAds:125 - Set database path to: C:\Users\pjanh\.stmcufinder\plugins\mcufinder//mcu/
2026-01-01 00:34:46,744 [WARN] DbFile:41 - Overriding database path with different value: C:\Users\pjanh\.stmcufinder\plugins\mcufinder/ => C:\Users\pjanh\.stmcufinder\plugins\mcufinder
2026-01-01 00:34:46,744 [WARN] DbFile:41 - Overriding database path with different value: C:\Users\pjanh\.stmcufinder\plugins\mcufinder/ => C:\Users\pjanh\.stmcufinder\plugins\mcufinder
2026-01-01 00:34:46,744 [INFO] CrossReferenceDbSqlite:203 - Set database path to: C:\Users\pjanh\.stmcufinder\plugins\mcufinder//mcu/cs/
2026-01-01 00:34:46,765 [INFO] ApplicationProperties:184 - Using Application install path: D:\stm\STM32CubeIDE_1.19.0\STM32CubeIDE\plugins\com.st.stm32cube.common.mx_6.15.0.202507011659
2026-01-01 00:34:46,766 [INFO] PluginManage:196 - Search for loadable plugins [exclusion list=, ]
2026-01-01 00:34:46,768 [INFO] PluginManage:310 - Check plugin analytics
2026-01-01 00:34:46,945 [INFO] AnalyticsPlugin:253 - Accepted Software Licenses: 
2026-01-01 00:34:46,945 [INFO] AnalyticsPlugin:255 - Accepted CMSIS Pack Licenses: 
2026-01-01 00:34:46,945 [INFO] AnalyticsPlugin:257 - Accepted Firmware Licenses: FW.F4.1.28.0
2026-01-01 00:34:46,948 [INFO] PluginManage:359 - Loaded plugin analytics (category:tool,tabindex:-1)
2026-01-01 00:34:46,948 [INFO] PluginManage:310 - Check plugin cadmodel
2026-01-01 00:34:46,952 [INFO] CADModel:105 - Init CAD model plugin
2026-01-01 00:34:46,952 [INFO] PluginManage:359 - Loaded plugin cadmodel (category:power,tabindex:5)
2026-01-01 00:34:46,953 [INFO] PluginManage:310 - Check plugin clock
2026-01-01 00:34:46,961 [INFO] PluginManage:359 - Loaded plugin clock (category:base,tabindex:2)
2026-01-01 00:34:46,961 [INFO] PluginManage:310 - Check plugin ddr
2026-01-01 00:34:46,963 [INFO] PluginManage:359 - Loaded plugin ddr (category:tool,tabindex:6)
2026-01-01 00:34:46,963 [INFO] PluginManage:310 - Check plugin filemanager
2026-01-01 00:34:47,083 [INFO] PluginManage:359 - Loaded plugin filemanager (category:base,tabindex:10)
2026-01-01 00:34:47,084 [INFO] PluginManage:310 - Check plugin ipmanager
2026-01-01 00:34:47,088 [INFO] PluginManage:359 - Loaded plugin ipmanager (category:base,tabindex:5)
2026-01-01 00:34:47,089 [INFO] PluginManage:310 - Check plugin lpbam
2026-01-01 00:34:47,095 [INFO] PluginManage:359 - Loaded plugin lpbam (category:base,tabindex:0)
2026-01-01 00:34:47,096 [INFO] PluginManage:310 - Check plugin memorymap
2026-01-01 00:34:47,110 [INFO] PluginManage:359 - Loaded plugin memorymap (category:base,tabindex:4)
2026-01-01 00:34:47,110 [INFO] PluginManage:310 - Check plugin pinoutandconfiguration
2026-01-01 00:34:47,116 [INFO] PluginManage:359 - Loaded plugin pinoutandconfiguration (category:base,tabindex:1)
2026-01-01 00:34:47,116 [INFO] PluginManage:310 - Check plugin pinoutconfig
2026-01-01 00:34:47,188 [WARN] SupportedApi:132 - Cannot load RTOS API schema: s4s-elt-must-match.1: The content of 'definitions' must match (annotation?, (simpleType | complexType)?, (unique | key | keyref)*)). A problem was found starting at: attribute.
2026-01-01 00:34:47,306 [INFO] PluginManage:359 - Loaded plugin pinoutconfig (category:base,tabindex:0)
2026-01-01 00:34:47,306 [INFO] PluginManage:310 - Check plugin power
2026-01-01 00:34:47,315 [INFO] PluginManage:359 - Loaded plugin power (category:power,tabindex:4)
2026-01-01 00:34:47,315 [INFO] PluginManage:310 - Check plugin projectmanager
2026-01-01 00:34:47,330 [INFO] PluginManage:359 - Loaded plugin projectmanager (category:projectmanager,tabindex:4)
2026-01-01 00:34:47,330 [INFO] PluginManage:310 - Check plugin rif
2026-01-01 00:34:47,338 [INFO] PluginManage:359 - Loaded plugin rif (category:base,tabindex:3)
2026-01-01 00:34:47,338 [INFO] PluginManage:310 - Check plugin thirdparty
2026-01-01 00:34:47,466 [INFO] PluginManage:359 - Loaded plugin thirdparty (category:base,tabindex:-1)
2026-01-01 00:34:47,466 [INFO] PluginManage:310 - Check plugin tools
2026-01-01 00:34:47,466 [WARN] IntegrityCheckThread:84 - waiting for thirdparty lock release [integrity check]
2026-01-01 00:34:47,467 [INFO] IntegrityCheckThread:86 - entering critical section [integrity check]
2026-01-01 00:34:47,467 [INFO] ThirdPartyUpdaterWithRetryManager:70 - Updater plugin not ready yet. [1/15]
2026-01-01 00:34:47,468 [INFO] PluginManage:359 - Loaded plugin tools (category:base,tabindex:7)
2026-01-01 00:34:47,468 [INFO] PluginManage:310 - Check plugin tutovideos
2026-01-01 00:34:47,624 [INFO] PluginManage:359 - Loaded plugin tutovideos (category:base,tabindex:-1)
2026-01-01 00:34:47,624 [INFO] PluginManage:310 - Check plugin updater
2026-01-01 00:34:47,666 [INFO] PluginManage:359 - Loaded plugin updater (category:base,tabindex:12)
2026-01-01 00:34:47,666 [INFO] PluginManage:310 - Check plugin userauth
2026-01-01 00:34:47,670 [INFO] UserAuth:118 - Init User Auth plugin
2026-01-01 00:34:47,671 [INFO] PluginManage:359 - Loaded plugin userauth (category:base,tabindex:14)
2026-01-01 00:34:47,671 [INFO] PluginManage:283 - PluginManage : Loaded plugins [18]
2026-01-01 00:34:47,841 [INFO] PinOutPanel:1589 - setPackage(No Configuration,No Configuration)
2026-01-01 00:34:47,900 [INFO] CADModel:165 - CPN selected for project level
2026-01-01 00:34:47,901 [INFO] CADModel:114 - Register for checkConnection events
2026-01-01 00:34:47,914 [INFO] IPUIPlugin:80 - create IPUIPlugin
2026-01-01 00:34:47,914 [INFO] PluginManager:220 - loadIPPluginJar : add adc
2026-01-01 00:34:47,916 [INFO] IPUIPlugin:80 - create IPUIPlugin
2026-01-01 00:34:47,916 [INFO] PluginManager:220 - loadIPPluginJar : add aes
2026-01-01 00:34:47,918 [INFO] IPUIPlugin:80 - create IPUIPlugin
2026-01-01 00:34:47,918 [INFO] PluginManager:220 - loadIPPluginJar : add can
2026-01-01 00:34:47,920 [INFO] IPUIPlugin:80 - create IPUIPlugin
2026-01-01 00:34:47,920 [INFO] PluginManager:220 - loadIPPluginJar : add comp
2026-01-01 00:34:47,921 [INFO] IPUIPlugin:80 - create IPUIPlugin
2026-01-01 00:34:47,921 [INFO] PluginManager:220 - loadIPPluginJar : add cryp
2026-01-01 00:34:47,923 [INFO] IPUIPlugin:80 - create IPUIPlugin
2026-01-01 00:34:47,923 [INFO] PluginManager:220 - loadIPPluginJar : add ddr_ctrl_phy
2026-01-01 00:34:47,925 [INFO] IPUIPlugin:80 - create IPUIPlugin
2026-01-01 00:34:47,925 [INFO] PluginManager:220 - loadIPPluginJar : add dfsdm
2026-01-01 00:34:47,929 [INFO] IPUIPlugin:80 - create IPUIPlugin
2026-01-01 00:34:47,929 [INFO] PluginManager:220 - loadIPPluginJar : add dma
2026-01-01 00:34:47,931 [INFO] IPUIPlugin:80 - create IPUIPlugin
2026-01-01 00:34:47,931 [INFO] PluginManager:220 - loadIPPluginJar : add dma3
2026-01-01 00:34:47,933 [INFO] IPUIPlugin:80 - create IPUIPlugin
2026-01-01 00:34:47,933 [INFO] PluginManager:220 - loadIPPluginJar : add extmemmanager
2026-01-01 00:34:47,934 [INFO] IPUIPlugin:80 - create IPUIPlugin
2026-01-01 00:34:47,934 [INFO] PluginManager:220 - loadIPPluginJar : add fatfs
2026-01-01 00:34:47,938 [INFO] IPUIPlugin:80 - create IPUIPlugin
2026-01-01 00:34:47,938 [INFO] PluginManager:220 - loadIPPluginJar : add fmc
2026-01-01 00:34:47,942 [INFO] IPUIPlugin:80 - create IPUIPlugin
2026-01-01 00:34:47,942 [INFO] PluginManager:220 - loadIPPluginJar : add freertos
2026-01-01 00:34:47,943 [INFO] IPUIPlugin:80 - create IPUIPlugin
2026-01-01 00:34:47,943 [INFO] PluginManager:220 - loadIPPluginJar : add genericplugin
2026-01-01 00:34:47,944 [INFO] IPUIPlugin:80 - create IPUIPlugin
2026-01-01 00:34:47,944 [INFO] PluginManager:220 - loadIPPluginJar : add gfxmmu
2026-01-01 00:34:47,948 [INFO] IPUIPlugin:80 - create IPUIPlugin
2026-01-01 00:34:47,948 [INFO] PluginManager:220 - loadIPPluginJar : add gic
2026-01-01 00:34:47,951 [INFO] IPUIPlugin:80 - create IPUIPlugin
2026-01-01 00:34:47,951 [INFO] PluginManager:220 - loadIPPluginJar : add gpio
2026-01-01 00:34:47,955 [INFO] IPUIPlugin:80 - create IPUIPlugin
2026-01-01 00:34:47,955 [INFO] PluginManager:220 - loadIPPluginJar : add gtzc
2026-01-01 00:34:47,958 [INFO] IPUIPlugin:80 - create IPUIPlugin
2026-01-01 00:34:47,958 [INFO] PluginManager:220 - loadIPPluginJar : add hash
2026-01-01 00:34:47,960 [INFO] IPUIPlugin:80 - create IPUIPlugin
2026-01-01 00:34:47,961 [INFO] PluginManager:220 - loadIPPluginJar : add i2c
2026-01-01 00:34:47,963 [INFO] IPUIPlugin:80 - create IPUIPlugin
2026-01-01 00:34:47,963 [INFO] PluginManager:220 - loadIPPluginJar : add i2s
2026-01-01 00:34:47,965 [INFO] IPUIPlugin:80 - create IPUIPlugin
2026-01-01 00:34:47,965 [INFO] PluginManager:220 - loadIPPluginJar : add i3c
2026-01-01 00:34:47,969 [INFO] IPUIPlugin:80 - create IPUIPlugin
2026-01-01 00:34:47,969 [INFO] PluginManager:220 - loadIPPluginJar : add ipddr
2026-01-01 00:34:47,974 [INFO] IPUIPlugin:80 - create IPUIPlugin
2026-01-01 00:34:47,975 [INFO] PluginManager:220 - loadIPPluginJar : add linkedlist
2026-01-01 00:34:47,978 [INFO] IPUIPlugin:80 - create IPUIPlugin
2026-01-01 00:34:47,978 [INFO] PluginManager:220 - loadIPPluginJar : add lorawan
2026-01-01 00:34:47,979 [INFO] IPUIPlugin:80 - create IPUIPlugin
2026-01-01 00:34:47,979 [INFO] PluginManager:220 - loadIPPluginJar : add ltdc
2026-01-01 00:34:47,984 [INFO] IPUIPlugin:80 - create IPUIPlugin
2026-01-01 00:34:47,984 [INFO] PluginManager:220 - loadIPPluginJar : add mdma
2026-01-01 00:34:47,987 [INFO] IPUIPlugin:80 - create IPUIPlugin
2026-01-01 00:34:47,987 [INFO] PluginManager:220 - loadIPPluginJar : add nvic
2026-01-01 00:34:47,992 [INFO] IPUIPlugin:80 - create IPUIPlugin
2026-01-01 00:34:47,992 [INFO] PluginManager:220 - loadIPPluginJar : add opamp
2026-01-01 00:34:47,994 [INFO] IPUIPlugin:80 - create IPUIPlugin
2026-01-01 00:34:47,994 [INFO] PluginManager:220 - loadIPPluginJar : add openamp
2026-01-01 00:34:47,997 [INFO] IPUIPlugin:80 - create IPUIPlugin
2026-01-01 00:34:47,997 [INFO] PluginManager:220 - loadIPPluginJar : add pdm2pcm
2026-01-01 00:34:48,001 [INFO] IPUIPlugin:80 - create IPUIPlugin
2026-01-01 00:34:48,003 [INFO] PluginManager:220 - loadIPPluginJar : add plateformsettings
2026-01-01 00:34:48,004 [INFO] IPUIPlugin:80 - create IPUIPlugin
2026-01-01 00:34:48,005 [INFO] PluginManager:220 - loadIPPluginJar : add quadspi
2026-01-01 00:34:48,007 [INFO] IPUIPlugin:80 - create IPUIPlugin
2026-01-01 00:34:48,007 [INFO] PluginManager:220 - loadIPPluginJar : add radio
2026-01-01 00:34:48,009 [INFO] IPUIPlugin:80 - create IPUIPlugin
2026-01-01 00:34:48,009 [INFO] PluginManager:220 - loadIPPluginJar : add resmgrutility
2026-01-01 00:34:48,013 [INFO] IPUIPlugin:80 - create IPUIPlugin
2026-01-01 00:34:48,013 [INFO] PluginManager:220 - loadIPPluginJar : add sai
2026-01-01 00:34:48,014 [INFO] IPUIPlugin:80 - create IPUIPlugin
2026-01-01 00:34:48,014 [INFO] PluginManager:220 - loadIPPluginJar : add spi
2026-01-01 00:34:48,018 [INFO] IPUIPlugin:80 - create IPUIPlugin
2026-01-01 00:34:48,018 [INFO] PluginManager:220 - loadIPPluginJar : add stm32_wpan
2026-01-01 00:34:48,020 [INFO] IPUIPlugin:80 - create IPUIPlugin
2026-01-01 00:34:48,020 [INFO] PluginManager:220 - loadIPPluginJar : add tim
2026-01-01 00:34:48,022 [INFO] IPUIPlugin:80 - create IPUIPlugin
2026-01-01 00:34:48,022 [INFO] PluginManager:220 - loadIPPluginJar : add touchsensing
2026-01-01 00:34:48,025 [INFO] IPUIPlugin:80 - create IPUIPlugin
2026-01-01 00:34:48,025 [INFO] PluginManager:220 - loadIPPluginJar : add tracer_emb
2026-01-01 00:34:48,027 [INFO] IPUIPlugin:80 - create IPUIPlugin
2026-01-01 00:34:48,027 [INFO] PluginManager:220 - loadIPPluginJar : add ts
2026-01-01 00:34:48,028 [INFO] IPUIPlugin:80 - create IPUIPlugin
2026-01-01 00:34:48,028 [INFO] PluginManager:220 - loadIPPluginJar : add tsc
2026-01-01 00:34:48,029 [INFO] IPUIPlugin:80 - create IPUIPlugin
2026-01-01 00:34:48,029 [INFO] PluginManager:220 - loadIPPluginJar : add ucpd
2026-01-01 00:34:48,031 [INFO] IPUIPlugin:80 - create IPUIPlugin
2026-01-01 00:34:48,031 [INFO] PluginManager:220 - loadIPPluginJar : add usart
2026-01-01 00:34:48,033 [INFO] IPUIPlugin:80 - create IPUIPlugin
2026-01-01 00:34:48,033 [INFO] PluginManager:220 - loadIPPluginJar : add usbx
2026-01-01 00:34:48,147 [FATAL] Updater:351 - Updater called before beeing initialized
2026-01-01 00:34:48,169 [INFO] RulesReader:64 - Compatibility file has been processed (317 Rules)
2026-01-01 00:34:48,177 [INFO] RulesReader:64 - Compatibility file has been processed (317 Rules)
2026-01-01 00:34:48,192 [INFO] CADModel:165 - CPN selected for project level
2026-01-01 00:34:48,192 [INFO] CADModel:114 - Register for checkConnection events
2026-01-01 00:34:48,192 [FATAL] Updater:351 - Updater called before beeing initialized
2026-01-01 00:34:48,193 [ERROR] CADModel:125 - Updater not yet initialized, retry later 
2026-01-01 00:34:48,324 [FATAL] Updater:351 - Updater called before beeing initialized
2026-01-01 00:34:48,327 [INFO] CADModel:165 - CPN selected for project level
2026-01-01 00:34:48,327 [INFO] CADModel:114 - Register for checkConnection events
2026-01-01 00:34:48,327 [FATAL] Updater:351 - Updater called before beeing initialized
2026-01-01 00:34:48,327 [ERROR] CADModel:125 - Updater not yet initialized, retry later 
2026-01-01 00:34:48,330 [FATAL] Updater:351 - Updater called before beeing initialized
2026-01-01 00:34:48,407 [FATAL] Updater:351 - Updater called before beeing initialized
2026-01-01 00:34:48,410 [INFO] DbMcusAds:53 - JSON generation date=Tue Dec 16 04:41:46 IST 2025 (1765840306612)
2026-01-01 00:34:48,410 [FATAL] Updater:351 - Updater called before beeing initialized
2026-01-01 00:34:48,437 [WARN] DetailPanel:346 - Failed to get advertising image, set to default
2026-01-01 00:34:48,496 [FATAL] Updater:351 - Updater called before beeing initialized
2026-01-01 00:34:48,497 [FATAL] Updater:351 - Updater called before beeing initialized
2026-01-01 00:34:48,497 [FATAL] Updater:351 - Updater called before beeing initialized
2026-01-01 00:34:48,497 [WARN] DetailPanel:346 - Failed to get advertising image, set to default
2026-01-01 00:34:48,498 [FATAL] Updater:351 - Updater called before beeing initialized
2026-01-01 00:34:48,534 [ERROR] Updater:1198 - MainUpdater not yet initialized. External WinMGr cannot be set.
2026-01-01 00:34:48,535 [INFO] Updater:1134 - Updater Version found : 6.15.0
2026-01-01 00:34:48,550 [INFO] ApplicationProperties:184 - Using Application install path: D:\stm\STM32CubeIDE_1.19.0\STM32CubeIDE\plugins\com.st.stm32cube.common.mx_6.15.0.202507011659
2026-01-01 00:34:50,121 [ERROR] LogOutputStream:75 - [STDERR_REDIRECT] Jan 01, 2026 12:34:50 AM java.util.prefs.WindowsPreferences <init>
2026-01-01 00:34:50,122 [ERROR] LogOutputStream:75 - [STDERR_REDIRECT] WARNING: Could not open/create prefs root node Software\JavaSoft\Prefs at root 0xffffffff80000002. Windows RegCreateKeyEx(...) returned error code 5.
2026-01-01 00:34:50,122 [ERROR] LogOutputStream:75 - [STDERR_REDIRECT] 
2026-01-01 00:34:50,441 [INFO] MainUpdater:2872 - connection check result : 10
2026-01-01 00:34:50,442 [INFO] MainUpdater:289 - Updater Check For Update Now.
2026-01-01 00:34:50,442 [INFO] MicroXplorer:498 - Change Database Version : DB.6.0.150
2026-01-01 00:34:50,457 [INFO] McuFinderGlobals:63 - Set McuFinder mode to 2 (CubeIDE integrated)
2026-01-01 00:34:50,458 [INFO] UserAuth:487 - Internet connection configuration mode: 1
2026-01-01 00:34:50,468 [WARN] MainUpdater:1193 - Updater busy. Cannot search thirdparties
2026-01-01 00:34:50,468 [INFO] ThirdPartyUpdaterWithRetryManager:96 - Updater plugin is busy. [1/15]
2026-01-01 00:34:50,491 [INFO] JxBrowserEngine:152 - Initiate JxBrowser Engine with user profile folder
2026-01-01 00:34:50,625 [INFO] CheckServerUpdateThread:120 - End of CheckServer Thread
2026-01-01 00:34:51,597 [INFO] WebApp:169 - Instantiating new browser for Auth
2026-01-01 00:34:52,345 [INFO] WebApp:463 - Apply proxy settings
2026-01-01 00:34:52,345 [INFO] WebApp:548 - Chromium requires no authentication
2026-01-01 00:34:52,357 [INFO] WebApp:491 - Direct internet connection detected
2026-01-01 00:34:52,381 [INFO] WebApp:900 - Register for checkConnection events
2026-01-01 00:34:52,381 [INFO] WebApp:463 - Apply proxy settings
2026-01-01 00:34:52,382 [INFO] WebApp:548 - Chromium requires no authentication
2026-01-01 00:34:52,382 [INFO] WebApp:491 - Direct internet connection detected
2026-01-01 00:34:52,618 [INFO] WebApp:225 - Starting web application
2026-01-01 00:34:52,618 [INFO] WebApp:593 - Web application path used D:\stm\STM32CubeIDE_1.19.0\STM32CubeIDE\plugins\com.st.stm32cube.common.mx_6.15.0.202507011659\db\plugins\mcufinder\reactClient1\index.html
2026-01-01 00:34:52,757 [INFO] WebApp:191 - Connection restablished
2026-01-01 00:34:52,797 [INFO] UserAuth:487 - Internet connection configuration mode: 1
2026-01-01 00:34:53,641 [WARN] PackLoader:240 - Cannot read IP mode file for STMicroelectronics.FP-SNS-MOTENVWB1.1.4.0
2026-01-01 00:34:53,658 [WARN] PackLoader:240 - Cannot read IP mode file for STMicroelectronics.FP-ATR-ASTRA1.2.0.2
2026-01-01 00:34:53,669 [WARN] PackLoader:240 - Cannot read IP mode file for STMicroelectronics.X-CUBE-SMBUS.2.1.0
2026-01-01 00:34:53,675 [WARN] PackLoader:240 - Cannot read IP mode file for STMicroelectronics.X-CUBE-ST60.1.0.0
2026-01-01 00:34:53,711 [WARN] PackLoader:240 - Cannot read IP mode file for STMicroelectronics.X-CUBE-AZRTOS-F7.1.1.0
2026-01-01 00:34:53,718 [WARN] PackLoader:240 - Cannot read IP mode file for Cesanta.I-CUBE-Mongoose.7.19.0
2026-01-01 00:34:53,723 [WARN] PackLoader:240 - Cannot read IP mode file for STMicroelectronics.FP-SNS-MOTENV1.5.1.0
2026-01-01 00:34:53,734 [WARN] PackLoader:240 - Cannot read IP mode file for WES.I-CUBE-Cesium.1.4.0
2026-01-01 00:34:53,759 [WARN] PackLoader:240 - Cannot read IP mode file for Infineon.AIROC-Wi-Fi-Bluetooth-STM32.1.7.1
2026-01-01 00:34:53,790 [WARN] PackLoader:240 - Cannot read IP mode file for STMicroelectronics.X-CUBE-AZRTOS-H7.3.4.0
2026-01-01 00:34:53,820 [WARN] PackLoader:240 - Cannot read IP mode file for STMicroelectronics.X-CUBE-DISPLAY.3.0.0
2026-01-01 00:34:53,838 [WARN] PackLoader:240 - Cannot read IP mode file for STMicroelectronics.X-CUBE-NFC10.1.0.0
2026-01-01 00:34:53,845 [WARN] PackLoader:240 - Cannot read IP mode file for STMicroelectronics.X-CUBE-ST60.1.1.0
2026-01-01 00:34:53,851 [WARN] PackLoader:240 - Cannot read IP mode file for emotas.I-CUBE-CANOPEN.1.3.0
2026-01-01 00:34:53,884 [WARN] PackLoader:240 - Cannot read IP mode file for STMicroelectronics.X-CUBE-GNSS1.7.1.0
2026-01-01 00:34:53,893 [WARN] PackLoader:240 - Cannot read IP mode file for STMicroelectronics.FP-SNS-STBOX1.2.1.0
2026-01-01 00:34:53,901 [WARN] PackLoader:240 - Cannot read IP mode file for STMicroelectronics.FP-SNS-SMARTAG2.1.2.0
2026-01-01 00:34:53,906 [WARN] PackLoader:240 - Cannot read IP mode file for STMicroelectronics.FP-SNS-FLIGHT1.5.1.0
2026-01-01 00:34:53,916 [INFO] LogOutputStream:77 - [STDOUT_REDIRECT] 1 : Invalid condition id : UX_CORESTACK_Condition cause : null
2026-01-01 00:34:53,917 [INFO] LogOutputStream:77 - [STDOUT_REDIRECT] 1 : Invalid condition id : UX_CORESTACK_Condition cause : null
2026-01-01 00:34:53,918 [INFO] LogOutputStream:77 - [STDOUT_REDIRECT] 1 : Invalid condition id : UX_CORESTACK_Condition cause : null
2026-01-01 00:34:53,918 [INFO] LogOutputStream:77 - [STDOUT_REDIRECT] 1 : Invalid condition id : UX_CORESTACK_Condition cause : null
2026-01-01 00:34:53,919 [INFO] LogOutputStream:77 - [STDOUT_REDIRECT] 1 : Invalid condition id : UX_CORESTACK_Condition cause : null
2026-01-01 00:34:53,921 [WARN] PackLoader:240 - Cannot read IP mode file for STMicroelectronics.X-CUBE-AZRTOS-WL.2.0.0
2026-01-01 00:34:53,927 [WARN] PackLoader:240 - Cannot read IP mode file for STMicroelectronics.FP-SNS-MOTENV1.5.0.0
2026-01-01 00:34:53,941 [WARN] PackLoader:240 - Cannot read IP mode file for STMicroelectronics.X-CUBE-AZRTOS-H7RS.1.2.0
2026-01-01 00:34:53,948 [WARN] PackLoader:240 - Cannot read IP mode file for STMicroelectronics.X-CUBE-BLE2.3.3.0
2026-01-01 00:34:53,971 [WARN] PackLoader:240 - Cannot read IP mode file for STMicroelectronics.X-CUBE-NFC9.1.0.0
2026-01-01 00:34:53,977 [WARN] PackLoader:240 - Cannot read IP mode file for wolfSSL.I-CUBE-wolfSSL.5.8.2
2026-01-01 00:34:53,982 [WARN] PackLoader:240 - Cannot read IP mode file for STMicroelectronics.X-CUBE-BLE1.7.1.0
2026-01-01 00:34:53,986 [WARN] PackLoader:240 - Cannot read IP mode file for wolfSSL.I-CUBE-wolfMQTT.1.19.2
2026-01-01 00:34:53,992 [WARN] PackLoader:240 - Cannot read IP mode file for STMicroelectronics.X-CUBE-FREERTOS.1.4.0
2026-01-01 00:34:53,996 [WARN] PackLoader:240 - Cannot read IP mode file for STMicroelectronics.X-CUBE-EEPRMA1.5.2.0
2026-01-01 00:34:54,002 [WARN] PackLoader:240 - Cannot read IP mode file for STMicroelectronics.X-CUBE-ST67W61.1.1.0
2026-01-01 00:34:54,032 [WARN] PackLoader:240 - Cannot read IP mode file for STMicroelectronics.X-CUBE-MEMS1.12.0.0
2026-01-01 00:34:54,113 [WARN] PackLoader:240 - Cannot read IP mode file for STMicroelectronics.X-CUBE-AZRTOS-G0.1.1.0
2026-01-01 00:34:54,120 [WARN] PackLoader:240 - Cannot read IP mode file for STMicroelectronics.X-CUBE-SAFEA1.1.2.2
2026-01-01 00:34:54,124 [WARN] PackLoader:240 - Cannot read IP mode file for STMicroelectronics.X-CUBE-NFC4.3.0.0
2026-01-01 00:34:54,132 [WARN] PackLoader:240 - Cannot read IP mode file for EmbeddedOffice.I-CUBE-FS-RTOS.1.0.1
2026-01-01 00:34:54,136 [WARN] PackLoader:240 - Cannot read IP mode file for STMicroelectronics.X-CUBE-WB05N.2.0.0
2026-01-01 00:34:54,141 [WARN] PackLoader:240 - Cannot read IP mode file for wolfSSL.I-CUBE-wolfTPM.3.8.0
2026-01-01 00:34:54,146 [WARN] PackLoader:240 - Cannot read IP mode file for STMicroelectronics.X-CUBE-TCPP.4.2.0
2026-01-01 00:34:54,149 [WARN] PackLoader:240 - Cannot read IP mode file for RealThread.X-CUBE-RT-Thread_Nano.4.1.1
2026-01-01 00:34:54,154 [WARN] PackLoader:240 - Cannot read IP mode file for STMicroelectronics.FP-ATR-SIGFOX1.3.2.0
2026-01-01 00:34:54,159 [WARN] PackLoader:240 - Cannot read IP mode file for ITTIA_DB.I-CUBE-ITTIADB.8.9.0
2026-01-01 00:34:54,163 [WARN] PackLoader:240 - Cannot read IP mode file for STMicroelectronics.X-CUBE-AI.10.2.0
2026-01-01 00:34:54,182 [WARN] PackLoader:240 - Cannot read IP mode file for SEGGER.I-CUBE-embOS.1.3.1
2026-01-01 00:34:54,227 [WARN] PackLoader:240 - Cannot read IP mode file for STMicroelectronics.X-CUBE-ALGOBUILD.1.4.0
2026-01-01 00:34:54,258 [WARN] PackLoader:240 - Cannot read IP mode file for STMicroelectronics.X-CUBE-MEMS1.11.3.0
2026-01-01 00:34:54,329 [WARN] PackLoader:240 - Cannot read IP mode file for STMicroelectronics.X-CUBE-PM33A1.1.0.0
2026-01-01 00:34:54,343 [WARN] PackLoader:240 - Cannot read IP mode file for STMicroelectronics.X-CUBE-AZRTOS-F4.1.1.0
2026-01-01 00:34:54,350 [WARN] PackLoader:240 - Cannot read IP mode file for STMicroelectronics.X-CUBE-ISPU.2.1.0
2026-01-01 00:34:54,360 [WARN] PackLoader:240 - Cannot read IP mode file for STMicroelectronics.X-CUBE-IPS.3.2.0
2026-01-01 00:34:54,396 [WARN] PackLoader:240 - Cannot read IP mode file for STMicroelectronics.X-CUBE-NFC12.1.0.0
2026-01-01 00:34:54,420 [WARN] PackLoader:240 - Cannot read IP mode file for STMicroelectronics.X-CUBE-AZRTOS-L5.2.0.0
2026-01-01 00:34:54,432 [WARN] PackLoader:240 - Cannot read IP mode file for STMicroelectronics.X-CUBE-NFC6.3.1.0
2026-01-01 00:34:54,440 [WARN] PackLoader:240 - Cannot read IP mode file for STMicroelectronics.X-CUBE-FREERTOS.1.3.1
2026-01-01 00:34:54,446 [WARN] PackLoader:240 - Cannot read IP mode file for STMicroelectronics.X-CUBE-TOUCHGFX.4.26.0
2026-01-01 00:34:54,453 [WARN] PackLoader:240 - Cannot read IP mode file for STMicroelectronics.FP-SNS-STAIOTCFT.1.0.0
2026-01-01 00:34:54,458 [WARN] PackLoader:240 - Cannot read IP mode file for STMicroelectronics.X-CUBE-DPower.1.3.0
2026-01-01 00:34:54,476 [WARN] ConditionMgr:438 - getConditionDescription Invalid condition id : LAN8742 Phy interface Condition cause : null
2026-01-01 00:34:54,477 [WARN] PackLoader:240 - Cannot read IP mode file for STMicroelectronics.X-CUBE-AZRTOS-L4.2.0.0
2026-01-01 00:34:54,478 [WARN] ConditionMgr:1044 - genDependencies : Invalid condition id : LAN8742 Phy interface Condition cause : null
2026-01-01 00:34:54,478 [WARN] ConditionMgr:1044 - genDependencies : Invalid condition id : LAN8742 Phy interface Condition cause : null
2026-01-01 00:34:54,479 [WARN] ConditionMgr:1044 - genDependencies : Invalid condition id : LAN8742 Phy interface Condition cause : null
2026-01-01 00:34:54,484 [WARN] PackLoader:240 - Cannot read IP mode file for STMicroelectronics.X-CUBE-SFXS2LP1.4.0.0
2026-01-01 00:34:54,493 [WARN] PackLoader:240 - Cannot read IP mode file for STMicroelectronics.X-CUBE-BLEMGR.4.1.0
2026-01-01 00:34:54,502 [WARN] ConditionMgr:438 - getConditionDescription Invalid condition id : UX DEVICE CLASS RTOS Condition cause : null
2026-01-01 00:34:54,503 [WARN] ConditionMgr:438 - getConditionDescription Invalid condition id : UX DEVICE CLASS RTOS Condition cause : null
2026-01-01 00:34:54,504 [WARN] PackLoader:240 - Cannot read IP mode file for STMicroelectronics.X-CUBE-AZRTOS-WB.2.0.0
2026-01-01 00:34:54,504 [WARN] ConditionMgr:1044 - genDependencies : Invalid condition id : UX DEVICE CLASS RTOS Condition cause : null
2026-01-01 00:34:54,504 [WARN] ConditionMgr:1044 - genDependencies : Invalid condition id : UX DEVICE CLASS RTOS Condition cause : null
2026-01-01 00:34:54,505 [WARN] ConditionMgr:1044 - genDependencies : Invalid condition id : UX DEVICE CLASS RTOS Condition cause : null
2026-01-01 00:34:54,505 [WARN] ConditionMgr:1044 - genDependencies : Invalid condition id : UX DEVICE CLASS RTOS Condition cause : null
2026-01-01 00:34:54,505 [WARN] ConditionMgr:1044 - genDependencies : Invalid condition id : UX DEVICE CLASS RTOS Condition cause : null
2026-01-01 00:34:54,509 [WARN] PackLoader:240 - Cannot read IP mode file for STMicroelectronics.X-CUBE-GNSS1.7.0.1
2026-01-01 00:34:54,520 [WARN] ConditionMgr:438 - getConditionDescription Invalid condition id : Cortex-A Device cause : null
2026-01-01 00:34:54,529 [WARN] ConditionMgr:1044 - genDependencies : Invalid condition id : Cortex-A Device cause : null
2026-01-01 00:34:54,529 [WARN] ConditionMgr:1044 - genDependencies : Invalid condition id : Cortex-A Device cause : null
2026-01-01 00:34:54,529 [WARN] ConditionMgr:1044 - genDependencies : Invalid condition id : Cortex-A Device cause : null
2026-01-01 00:34:54,537 [WARN] PackLoader:240 - Cannot read IP mode file for STMicroelectronics.X-CUBE-SUBG2.5.0.0
2026-01-01 00:34:54,555 [WARN] PackLoader:240 - Cannot read IP mode file for STMicroelectronics.X-CUBE-AZRTOS-H7RS.1.1.0
2026-01-01 00:34:54,573 [WARN] PackLoader:240 - Cannot read IP mode file for STMicroelectronics.X-CUBE-AZRTOS-G4.2.0.0
2026-01-01 00:34:54,579 [WARN] PackLoader:240 - Cannot read IP mode file for wolfSSL.I-CUBE-wolfSSH.1.4.20
2026-01-01 00:34:54,585 [WARN] PackLoader:240 - Cannot read IP mode file for STMicroelectronics.X-CUBE-NFC7.2.0.0
2026-01-01 00:34:54,589 [WARN] PackLoader:240 - Cannot read IP mode file for STMicroelectronics.X-CUBE-ALS.1.0.2
2026-01-01 00:34:54,596 [WARN] PackLoader:240 - Cannot read IP mode file for STMicroelectronics.X-CUBE-STSE01.1.0.0
2026-01-01 00:34:54,605 [WARN] PackLoader:240 - Cannot read IP mode file for STMicroelectronics.X-CUBE-TOF1.3.4.3
2026-01-01 00:34:54,614 [INFO] ThirdParty:978 - Integrity check success = true
2026-01-01 00:34:54,614 [INFO] IntegrityCheckThread:100 - exiting critical section [integrity check]
2026-01-01 00:34:54,614 [INFO] IntegrityCheckThread:103 - End integrity checks thread
